0 info it worked if it ends with ok
1 verbose cli [ 'node',
1 verbose cli   '/opt/boxen/nodenv/versions/v0.10.26/bin/npm',
1 verbose cli   'version',
1 verbose cli   '1.0.0-alpha-1' ]
2 info using npm@2.13.1
3 info using node@v0.10.26
4 verbose stack Error: Version not changed
4 verbose stack     at /opt/boxen/nodenv/versions/v0.10.26/lib/node_modules/npm/lib/version.js:51:49
4 verbose stack     at /opt/boxen/nodenv/versions/v0.10.26/lib/node_modules/npm/node_modules/graceful-fs/graceful-fs.js:76:16
4 verbose stack     at fs.js:266:14
4 verbose stack     at /opt/boxen/nodenv/versions/v0.10.26/lib/node_modules/npm/node_modules/graceful-fs/graceful-fs.js:42:10
4 verbose stack     at Object.oncomplete (fs.js:107:15)
5 verbose cwd /Users/jrhodes/src/projects/hubot-retro
6 error Darwin 14.4.0
7 error argv "node" "/opt/boxen/nodenv/versions/v0.10.26/bin/npm" "version" "1.0.0-alpha-1"
8 error node v0.10.26
9 error npm  v2.13.1
10 error Version not changed
11 error If you need help, you may report this error at:
11 error     <https://github.com/npm/npm/issues>
12 verbose exit [ 1, true ]
